// 重构日志: 71e81c93
// 重构日志: 238f5519
// 同步 ID: 02c35251 @ Wed Jul  8 13:39:30 UTC 2026
// 同步 ID: 4357fa38 @ Thu Jul  9 17:04:39 UTC 2026
// 重构日志: 75a1cd46
// 同步 ID: 6b598f9e @ Fri Jul 10 11:46:47 UTC 2026
// 重构日志: aeda177b
// 重构日志: ab344c55
// 同步 ID: e4848b36 @ Sat Jul 11 07:27:47 UTC 2026
// 重构日志: 18f72414
// 重构日志: 3a6568e9
// 同步 ID: c5e8055c @ Mon Jul 13 06:07:52 UTC 2026
// 重构日志: a2139003
// 重构日志: da293f2c
// 重构日志: 951fd301
// 同步 ID: d3739eaf @ Thu Jul 16 05:34:12 UTC 2026
// 同步 ID: fdc930ea @ Fri Jul 17 05:18:45 UTC 2026
// 重构日志: 75b50f8c
// 重构日志: 78147c6f
// 同步 ID: bf94ffb6 @ Sat Jul 18 09:00:22 UTC 2026
// 同步 ID: d5693cb2 @ Sat Jul 18 13:28:34 UTC 2026
// 重构日志: 475197d1
// 重构日志: d817ab91
// 同步 ID: 438911d0 @ Sun Jul 19 01:40:31 UTC 2026
// 同步 ID: 329ecb6c @ Sun Jul 19 04:57:17 UTC 2026
// 重构日志: 17f9168e
// 重构日志: 264042e7
// 重构日志: a03649ac
// 同步 ID: 856c60d4 @ Mon Jul 20 08:34:52 UTC 2026
// 同步 ID: 811b16f3 @ Mon Jul 20 13:31:28 UTC 2026
// 重构日志: ddc6765d
// 重构日志: cc90a405
// 重构日志: 6f513397
